<?xml version="1.0" encoding="UTF-8"?>
<!-- Generated by org.testng.reporters.JUnitXMLReporter -->
<testsuite ignored="2" hostname="AICHHIKA-DELL" failures="0" tests="4" name="Test" time="0.072" errors="0" timestamp="2025-07-31T15:50:14 IST">
  <testcase classname="com.crm.comcast.orgtest_TestNG.CreateOrgTest" name="createOrgTest" time="0.007"/>
  <testcase classname="com.crm.comcast.orgtest_TestNG.CreateOrgTest" name="createOrgWithIndustriesTest" time="0.002"/>
  <testcase classname="com.crm.comcast.contacttest_TestNG_DataProvider.CreateContactTest" name="createContactTest" time="0.003"/>
  <testcase classname="com.crm.comcast.contacttest_TestNG_DataProvider.CreateContactTest" name="createContactWithDateTest" time="0.002"/>
  <testcase classname="com.crm.generic.baseutility_TestNG.BaseClass" name="@AfterSuite configAS" time="0.0">
    <ignored/>
  </testcase> <!-- @AfterSuite configAS -->
  <testcase classname="com.crm.generic.baseutility_TestNG.BaseClass" name="@BeforeSuite configBS" time="0.0">
    <ignored/>
  </testcase> <!-- @BeforeSuite configBS -->
</testsuite> <!-- Test -->
