<?xml version="1.0" encoding="UTF-8"?>
<testng-results ignored="0" total="4" passed="4" failed="0" skipped="0">
  <reporter-output>
  </reporter-output>
  <suite started-at="2025-08-21T11:30:12 IST" name="Suite" finished-at="2025-08-21T11:30:12 IST" duration-ms="51">
    <groups>
    </groups>
    <test started-at="2025-08-21T11:30:12 IST" name="Test" finished-at="2025-08-21T11:30:12 IST" duration-ms="51">
      <class name="pac1.ContactTest">
        <test-method signature="createcontactTest()[pri:0, instance:pac1.ContactTest@433d61fb]" started-at="2025-08-21T11:30:12 IST" name="createcontactTest" finished-at="2025-08-21T11:30:12 IST" duration-ms="0" status="PASS">
          <reporter-output>
          </reporter-output>
        </test-method> <!-- createcontactTest -->
        <test-method signature="modifycontactTest()[pri:0, instance:pac1.ContactTest@433d61fb]" started-at="2025-08-21T11:30:12 IST" name="modifycontactTest" finished-at="2025-08-21T11:30:12 IST" duration-ms="0" status="PASS">
          <reporter-output>
          </reporter-output>
        </test-method> <!-- modifycontactTest -->
      </class> <!-- pac1.ContactTest -->
      <class name="pac2.OrgTest">
        <test-method signature="modifyOrgTest()[pri:0, instance:pac2.OrgTest@7f552bd3]" started-at="2025-08-21T11:30:12 IST" name="modifyOrgTest" finished-at="2025-08-21T11:30:12 IST" duration-ms="0" status="PASS">
          <reporter-output>
          </reporter-output>
        </test-method> <!-- modifyOrgTest -->
        <test-method signature="createOrgTest()[pri:0, instance:pac2.OrgTest@7f552bd3]" started-at="2025-08-21T11:30:12 IST" name="createOrgTest" finished-at="2025-08-21T11:30:12 IST" duration-ms="0" status="PASS">
          <reporter-output>
          </reporter-output>
        </test-method> <!-- createOrgTest -->
      </class> <!-- pac2.OrgTest -->
    </test> <!-- Test -->
  </suite> <!-- Suite -->
</testng-results>
