<?xml version="1.0" encoding="UTF-8"?>
<!-- Generated by org.testng.reporters.JUnitXMLReporter -->
<testsuite ignored="0" hostname="AICHHIKA-DELL" failures="0" tests="4" name="Test" time="0.051" errors="0" timestamp="2025-08-21T11:30:12 IST">
  <testcase classname="pac1.ContactTest" name="createcontactTest" time="0.0"/>
  <testcase classname="pac1.ContactTest" name="modifycontactTest" time="0.0"/>
  <testcase classname="pac2.OrgTest" name="createOrgTest" time="0.0"/>
  <testcase classname="pac2.OrgTest" name="modifyOrgTest" time="0.0"/>
</testsuite> <!-- Test -->
