<?xml version="1.0" encoding="UTF-8"?>
<!-- Generated by org.testng.reporters.JUnitXMLReporter -->
<testsuite ignored="0" hostname="AICHHIKA-DELL" failures="0" tests="6" name="TestRunner-firefox" time="96.797" errors="0" timestamp="2025-07-28T16:42:27 IST">
  <testcase classname="com.comcast.crm.contacttest_TestNG.CreateContactTestWithBaseClass" name="createContactTest" time="6.831"/>
  <testcase classname="com.comcast.crm.contacttest_TestNG.CreateContactTestWithBaseClass" name="createContactWithOrgTestIntegration" time="11.618"/>
  <testcase classname="com.comcast.crm.contacttest_TestNG.CreateContactTestWithBaseClass" name="createContactWithSupportDateTest" time="0.0">
    <skipped/>
  </testcase> <!-- createContactWithSupportDateTest -->
  <testcase classname="com.comcast.crm.orgtest_TestNG.CreateOrgTestWithBaseClass" name="CreateOrganizationTest" time="14.114"/>
  <testcase classname="com.comcast.crm.orgtest_TestNG.CreateOrgTestWithBaseClass" name="CreateOrganizationWithIndustriesTest" time="30.459"/>
  <testcase classname="com.comcast.crm.orgtest_TestNG.CreateOrgTestWithBaseClass" name="createOrganizationWithPhoneNumberTest" time="11.777"/>
</testsuite> <!-- TestRunner-firefox -->
